[DSC FPTU Bot] 2021-05-30T16:06:28.749Z error : undefined
[DSC FPTU Bot] 2021-05-30T16:07:33.634Z error : ReferenceError: msg is not defined
    at Client.<anonymous> (E:\DSCDiscordBot\index.js:26:34)
    at Client.emit (events.js:376:20)
    at MessageCreateAction.handle (E:\DSCDiscordBot\node_modules\discord.js\src\client\actions\MessageCreate.js:31:14)
    at Object.module.exports [as MESSAGE_CREATE] (E:\DSCDiscordBot\node_modules\discord.js\src\client\websocket\handlers\MESSAGE_CREATE.js:4:32)
    at WebSocketManager.handlePacket (E:\DSCDiscordBot\node_modules\discord.js\src\client\websocket\WebSocketManager.js:384:31)
    at WebSocketShard.onPacket (E:\DSCDiscordBot\node_modules\discord.js\src\client\websocket\WebSocketShard.js:444:22)
    at WebSocketShard.onMessage (E:\DSCDiscordBot\node_modules\discord.js\src\client\websocket\WebSocketShard.js:301:10)
    at WebSocket.onMessage (E:\DSCDiscordBot\node_modules\ws\lib\event-target.js:132:16)
    at WebSocket.emit (events.js:376:20)
    at Receiver.receiverOnMessage (E:\DSCDiscordBot\node_modules\ws\lib\websocket.js:834:20)
[DSC FPTU Bot] 2021-05-30T16:08:42.495Z error : ReferenceError: Discord is not defined
    at Object.infoEmbed (E:\DSCDiscordBot\commands\info\view\index.js:4:9)
    at Object.execute (E:\DSCDiscordBot\commands\info\index.js:7:31)
    at Client.<anonymous> (E:\DSCDiscordBot\index.js:26:26)
    at Client.emit (events.js:376:20)
    at MessageCreateAction.handle (E:\DSCDiscordBot\node_modules\discord.js\src\client\actions\MessageCreate.js:31:14)
    at Object.module.exports [as MESSAGE_CREATE] (E:\DSCDiscordBot\node_modules\discord.js\src\client\websocket\handlers\MESSAGE_CREATE.js:4:32)
    at WebSocketManager.handlePacket (E:\DSCDiscordBot\node_modules\discord.js\src\client\websocket\WebSocketManager.js:384:31)
    at WebSocketShard.onPacket (E:\DSCDiscordBot\node_modules\discord.js\src\client\websocket\WebSocketShard.js:444:22)
    at WebSocketShard.onMessage (E:\DSCDiscordBot\node_modules\discord.js\src\client\websocket\WebSocketShard.js:301:10)
    at WebSocket.onMessage (E:\DSCDiscordBot\node_modules\ws\lib\event-target.js:132:16)
[DSC FPTU Bot] 2021-05-30T16:09:17.689Z error : TypeError: Class constructor MessageEmbed cannot be invoked without 'new'
    at Object.infoEmbed (E:\DSCDiscordBot\commands\info\view\index.js:4:24)
    at Object.execute (E:\DSCDiscordBot\commands\info\index.js:7:31)
    at Client.<anonymous> (E:\DSCDiscordBot\index.js:26:26)
    at Client.emit (events.js:376:20)
    at MessageCreateAction.handle (E:\DSCDiscordBot\node_modules\discord.js\src\client\actions\MessageCreate.js:31:14)
    at Object.module.exports [as MESSAGE_CREATE] (E:\DSCDiscordBot\node_modules\discord.js\src\client\websocket\handlers\MESSAGE_CREATE.js:4:32)
    at WebSocketManager.handlePacket (E:\DSCDiscordBot\node_modules\discord.js\src\client\websocket\WebSocketManager.js:384:31)
    at WebSocketShard.onPacket (E:\DSCDiscordBot\node_modules\discord.js\src\client\websocket\WebSocketShard.js:444:22)
    at WebSocketShard.onMessage (E:\DSCDiscordBot\node_modules\discord.js\src\client\websocket\WebSocketShard.js:301:10)
    at WebSocket.onMessage (E:\DSCDiscordBot\node_modules\ws\lib\event-target.js:132:16)
[DSC FPTU Bot] 2021-05-30T18:09:53.570Z error : TypeError: greetMsg.greetNewUser is not a function
    at Client.<anonymous> (E:\DSCDiscordBot\index.js:46:31)
    at Client.emit (events.js:376:20)
    at Object.module.exports [as GUILD_MEMBER_ADD] (E:\DSCDiscordBot\node_modules\discord.js\src\client\websocket\handlers\GUILD_MEMBER_ADD.js:16:14)
    at WebSocketManager.handlePacket (E:\DSCDiscordBot\node_modules\discord.js\src\client\websocket\WebSocketManager.js:384:31)
    at WebSocketShard.onPacket (E:\DSCDiscordBot\node_modules\discord.js\src\client\websocket\WebSocketShard.js:444:22)
    at WebSocketShard.onMessage (E:\DSCDiscordBot\node_modules\discord.js\src\client\websocket\WebSocketShard.js:301:10)
    at WebSocket.onMessage (E:\DSCDiscordBot\node_modules\ws\lib\event-target.js:132:16)
    at WebSocket.emit (events.js:376:20)
    at Receiver.receiverOnMessage (E:\DSCDiscordBot\node_modules\ws\lib\websocket.js:834:20)
    at Receiver.emit (events.js:376:20)
[DSC FPTU Bot] 2021-05-30T18:12:10.350Z error : TypeError: greetMsg is not a function
    at Client.<anonymous> (E:\DSCDiscordBot\index.js:46:22)
    at Client.emit (events.js:376:20)
    at Object.module.exports [as GUILD_MEMBER_ADD] (E:\DSCDiscordBot\node_modules\discord.js\src\client\websocket\handlers\GUILD_MEMBER_ADD.js:16:14)
    at WebSocketManager.handlePacket (E:\DSCDiscordBot\node_modules\discord.js\src\client\websocket\WebSocketManager.js:384:31)
    at WebSocketShard.onPacket (E:\DSCDiscordBot\node_modules\discord.js\src\client\websocket\WebSocketShard.js:444:22)
    at WebSocketShard.onMessage (E:\DSCDiscordBot\node_modules\discord.js\src\client\websocket\WebSocketShard.js:301:10)
    at WebSocket.onMessage (E:\DSCDiscordBot\node_modules\ws\lib\event-target.js:132:16)
    at WebSocket.emit (events.js:376:20)
    at Receiver.receiverOnMessage (E:\DSCDiscordBot\node_modules\ws\lib\websocket.js:834:20)
    at Receiver.emit (events.js:376:20)
[DSC FPTU Bot] 2021-05-30T18:12:58.012Z error : TypeError: greetMsg is not a function
    at Client.<anonymous> (E:\DSCDiscordBot\index.js:46:22)
    at Client.emit (events.js:376:20)
    at Object.module.exports [as GUILD_MEMBER_ADD] (E:\DSCDiscordBot\node_modules\discord.js\src\client\websocket\handlers\GUILD_MEMBER_ADD.js:16:14)
    at WebSocketManager.handlePacket (E:\DSCDiscordBot\node_modules\discord.js\src\client\websocket\WebSocketManager.js:384:31)
    at WebSocketShard.onPacket (E:\DSCDiscordBot\node_modules\discord.js\src\client\websocket\WebSocketShard.js:444:22)
    at WebSocketShard.onMessage (E:\DSCDiscordBot\node_modules\discord.js\src\client\websocket\WebSocketShard.js:301:10)
    at WebSocket.onMessage (E:\DSCDiscordBot\node_modules\ws\lib\event-target.js:132:16)
    at WebSocket.emit (events.js:376:20)
    at Receiver.receiverOnMessage (E:\DSCDiscordBot\node_modules\ws\lib\websocket.js:834:20)
    at Receiver.emit (events.js:376:20)
[DSC FPTU Bot] 2021-05-30T18:13:33.986Z error : TypeError: user.avatarURL is not a function
    at module.exports (E:\DSCDiscordBot\view\greetNewUser.js:6:32)
    at Client.<anonymous> (E:\DSCDiscordBot\index.js:46:22)
    at Client.emit (events.js:376:20)
    at Object.module.exports [as GUILD_MEMBER_ADD] (E:\DSCDiscordBot\node_modules\discord.js\src\client\websocket\handlers\GUILD_MEMBER_ADD.js:16:14)
    at WebSocketManager.handlePacket (E:\DSCDiscordBot\node_modules\discord.js\src\client\websocket\WebSocketManager.js:384:31)
    at WebSocketShard.onPacket (E:\DSCDiscordBot\node_modules\discord.js\src\client\websocket\WebSocketShard.js:444:22)
    at WebSocketShard.onMessage (E:\DSCDiscordBot\node_modules\discord.js\src\client\websocket\WebSocketShard.js:301:10)
    at WebSocket.onMessage (E:\DSCDiscordBot\node_modules\ws\lib\event-target.js:132:16)
    at WebSocket.emit (events.js:376:20)
    at Receiver.receiverOnMessage (E:\DSCDiscordBot\node_modules\ws\lib\websocket.js:834:20)
[DSC FPTU Bot] 2021-05-31T07:27:53.622Z error : TypeError: msgEmbed.setColor is not a function
    at Object.infoEmbed (E:\DSCDiscordBot\commands\info\view\index.js:6:18)
    at Object.execute (E:\DSCDiscordBot\commands\info\index.js:7:31)
    at Client.<anonymous> (E:\DSCDiscordBot\index.js:26:26)
    at Client.emit (events.js:376:20)
    at MessageCreateAction.handle (E:\DSCDiscordBot\node_modules\discord.js\src\client\actions\MessageCreate.js:31:14)
    at Object.module.exports [as MESSAGE_CREATE] (E:\DSCDiscordBot\node_modules\discord.js\src\client\websocket\handlers\MESSAGE_CREATE.js:4:32)
    at WebSocketManager.handlePacket (E:\DSCDiscordBot\node_modules\discord.js\src\client\websocket\WebSocketManager.js:384:31)
    at WebSocketShard.onPacket (E:\DSCDiscordBot\node_modules\discord.js\src\client\websocket\WebSocketShard.js:444:22)
    at WebSocketShard.onMessage (E:\DSCDiscordBot\node_modules\discord.js\src\client\websocket\WebSocketShard.js:301:10)
    at WebSocket.onMessage (E:\DSCDiscordBot\node_modules\ws\lib\event-target.js:132:16)
[DSC FPTU Bot] 2021-05-31T07:28:37.260Z error : TypeError: msgEmbed.setColor is not a function
    at Object.infoEmbed (E:\DSCDiscordBot\commands\info\view\index.js:6:18)
    at Object.execute (E:\DSCDiscordBot\commands\info\index.js:7:31)
    at Client.<anonymous> (E:\DSCDiscordBot\index.js:26:26)
    at Client.emit (events.js:376:20)
    at MessageCreateAction.handle (E:\DSCDiscordBot\node_modules\discord.js\src\client\actions\MessageCreate.js:31:14)
    at Object.module.exports [as MESSAGE_CREATE] (E:\DSCDiscordBot\node_modules\discord.js\src\client\websocket\handlers\MESSAGE_CREATE.js:4:32)
    at WebSocketManager.handlePacket (E:\DSCDiscordBot\node_modules\discord.js\src\client\websocket\WebSocketManager.js:384:31)
    at WebSocketShard.onPacket (E:\DSCDiscordBot\node_modules\discord.js\src\client\websocket\WebSocketShard.js:444:22)
    at WebSocketShard.onMessage (E:\DSCDiscordBot\node_modules\discord.js\src\client\websocket\WebSocketShard.js:301:10)
    at WebSocket.onMessage (E:\DSCDiscordBot\node_modules\ws\lib\event-target.js:132:16)
[DSC FPTU Bot] 2021-05-31T07:29:15.480Z error : ReferenceError: msg is not defined
    at Client.<anonymous> (E:\DSCDiscordBot\index.js:27:24)
    at Client.emit (events.js:376:20)
    at MessageCreateAction.handle (E:\DSCDiscordBot\node_modules\discord.js\src\client\actions\MessageCreate.js:31:14)
    at Object.module.exports [as MESSAGE_CREATE] (E:\DSCDiscordBot\node_modules\discord.js\src\client\websocket\handlers\MESSAGE_CREATE.js:4:32)
    at WebSocketManager.handlePacket (E:\DSCDiscordBot\node_modules\discord.js\src\client\websocket\WebSocketManager.js:384:31)
    at WebSocketShard.onPacket (E:\DSCDiscordBot\node_modules\discord.js\src\client\websocket\WebSocketShard.js:444:22)
    at WebSocketShard.onMessage (E:\DSCDiscordBot\node_modules\discord.js\src\client\websocket\WebSocketShard.js:301:10)
    at WebSocket.onMessage (E:\DSCDiscordBot\node_modules\ws\lib\event-target.js:132:16)
    at WebSocket.emit (events.js:376:20)
    at Receiver.receiverOnMessage (E:\DSCDiscordBot\node_modules\ws\lib\websocket.js:834:20)
