
[DSC FPTU Bot] 2021-05-30T16:02:48.725Z info : Bot has been activated
[DSC FPTU Bot] 2021-05-30T16:03:26.790Z info : Bot has been activated
[DSC FPTU Bot] 2021-05-30T16:06:25.306Z info : Bot has been activated
[DSC FPTU Bot] 2021-05-30T16:06:28.749Z error : undefined
[DSC FPTU Bot] 2021-05-30T16:07:30.665Z info : Bot has been activated
[DSC FPTU Bot] 2021-05-30T16:07:33.634Z error : ReferenceError: msg is not defined
    at Client.<anonymous> (E:\DSCDiscordBot\index.js:26:34)
    at Client.emit (events.js:376:20)
    at MessageCreateAction.handle (E:\DSCDiscordBot\node_modules\discord.js\src\client\actions\MessageCreate.js:31:14)
    at Object.module.exports [as MESSAGE_CREATE] (E:\DSCDiscordBot\node_modules\discord.js\src\client\websocket\handlers\MESSAGE_CREATE.js:4:32)
    at WebSocketManager.handlePacket (E:\DSCDiscordBot\node_modules\discord.js\src\client\websocket\WebSocketManager.js:384:31)
    at WebSocketShard.onPacket (E:\DSCDiscordBot\node_modules\discord.js\src\client\websocket\WebSocketShard.js:444:22)
    at WebSocketShard.onMessage (E:\DSCDiscordBot\node_modules\discord.js\src\client\websocket\WebSocketShard.js:301:10)
    at WebSocket.onMessage (E:\DSCDiscordBot\node_modules\ws\lib\event-target.js:132:16)
    at WebSocket.emit (events.js:376:20)
    at Receiver.receiverOnMessage (E:\DSCDiscordBot\node_modules\ws\lib\websocket.js:834:20)
[DSC FPTU Bot] 2021-05-30T16:07:53.591Z info : Bot has been activated
[DSC FPTU Bot] 2021-05-30T16:07:58.203Z info : baolongv3 Used info!
[DSC FPTU Bot] 2021-05-30T16:08:39.959Z info : Bot has been activated
[DSC FPTU Bot] 2021-05-30T16:08:42.496Z error : ReferenceError: Discord is not defined
    at Object.infoEmbed (E:\DSCDiscordBot\commands\info\view\index.js:4:9)
    at Object.execute (E:\DSCDiscordBot\commands\info\index.js:7:31)
    at Client.<anonymous> (E:\DSCDiscordBot\index.js:26:26)
    at Client.emit (events.js:376:20)
    at MessageCreateAction.handle (E:\DSCDiscordBot\node_modules\discord.js\src\client\actions\MessageCreate.js:31:14)
    at Object.module.exports [as MESSAGE_CREATE] (E:\DSCDiscordBot\node_modules\discord.js\src\client\websocket\handlers\MESSAGE_CREATE.js:4:32)
    at WebSocketManager.handlePacket (E:\DSCDiscordBot\node_modules\discord.js\src\client\websocket\WebSocketManager.js:384:31)
    at WebSocketShard.onPacket (E:\DSCDiscordBot\node_modules\discord.js\src\client\websocket\WebSocketShard.js:444:22)
    at WebSocketShard.onMessage (E:\DSCDiscordBot\node_modules\discord.js\src\client\websocket\WebSocketShard.js:301:10)
    at WebSocket.onMessage (E:\DSCDiscordBot\node_modules\ws\lib\event-target.js:132:16)
[DSC FPTU Bot] 2021-05-30T16:09:13.694Z info : Bot has been activated
[DSC FPTU Bot] 2021-05-30T16:09:17.689Z error : TypeError: Class constructor MessageEmbed cannot be invoked without 'new'
    at Object.infoEmbed (E:\DSCDiscordBot\commands\info\view\index.js:4:24)
    at Object.execute (E:\DSCDiscordBot\commands\info\index.js:7:31)
    at Client.<anonymous> (E:\DSCDiscordBot\index.js:26:26)
    at Client.emit (events.js:376:20)
    at MessageCreateAction.handle (E:\DSCDiscordBot\node_modules\discord.js\src\client\actions\MessageCreate.js:31:14)
    at Object.module.exports [as MESSAGE_CREATE] (E:\DSCDiscordBot\node_modules\discord.js\src\client\websocket\handlers\MESSAGE_CREATE.js:4:32)
    at WebSocketManager.handlePacket (E:\DSCDiscordBot\node_modules\discord.js\src\client\websocket\WebSocketManager.js:384:31)
    at WebSocketShard.onPacket (E:\DSCDiscordBot\node_modules\discord.js\src\client\websocket\WebSocketShard.js:444:22)
    at WebSocketShard.onMessage (E:\DSCDiscordBot\node_modules\discord.js\src\client\websocket\WebSocketShard.js:301:10)
    at WebSocket.onMessage (E:\DSCDiscordBot\node_modules\ws\lib\event-target.js:132:16)
[DSC FPTU Bot] 2021-05-30T16:09:29.546Z info : Bot has been activated
[DSC FPTU Bot] 2021-05-30T16:09:31.761Z info : baolongv3 Used info!
[DSC FPTU Bot] 2021-05-30T16:22:29.258Z info : Bot has been activated
[DSC FPTU Bot] 2021-05-30T16:36:22.515Z info : Bot has been activated
[DSC FPTU Bot] 2021-05-30T16:36:37.204Z info : baolongv3 Used info!
[DSC FPTU Bot] 2021-05-30T16:37:08.945Z info : Bot has been activated
[DSC FPTU Bot] 2021-05-30T16:37:15.296Z info : baolongv3 Used info!
[DSC FPTU Bot] 2021-05-30T16:38:02.436Z info : Bot has been activated
[DSC FPTU Bot] 2021-05-30T16:38:07.072Z info : baolongv3 Used info!
[DSC FPTU Bot] 2021-05-30T16:38:27.771Z info : Bot has been activated
[DSC FPTU Bot] 2021-05-30T16:38:31.397Z info : baolongv3 Used info!
[DSC FPTU Bot] 2021-05-30T16:38:56.912Z info : Bot has been activated
[DSC FPTU Bot] 2021-05-30T16:39:00.114Z info : baolongv3 Used info!
[DSC FPTU Bot] 2021-05-30T17:24:20.759Z info : Bot has been activated
[DSC FPTU Bot] 2021-05-30T17:49:36.517Z info : Bot has been activated
[DSC FPTU Bot] 2021-05-30T17:52:53.454Z info : Bot has been activated
[DSC FPTU Bot] 2021-05-30T17:58:05.705Z info : Bot has been activated
[DSC FPTU Bot] 2021-05-30T18:02:24.199Z info : Bot has been activated
[DSC FPTU Bot] 2021-05-30T18:05:04.473Z info : User <@848619255679549490> just joined!
[DSC FPTU Bot] 2021-05-30T18:06:24.140Z info : Bot has been activated
[DSC FPTU Bot] 2021-05-30T18:06:36.060Z info : User <@848619255679549490> just joined!
[DSC FPTU Bot] 2021-05-30T18:08:02.489Z info : Bot has been activated
[DSC FPTU Bot] 2021-05-30T18:08:20.129Z info : User undefined just joined!
[DSC FPTU Bot] 2021-05-30T18:09:46.004Z info : Bot has been activated
[DSC FPTU Bot] 2021-05-30T18:09:53.568Z info : User undefined just joined!
[DSC FPTU Bot] 2021-05-30T18:09:53.570Z error : TypeError: greetMsg.greetNewUser is not a function
    at Client.<anonymous> (E:\DSCDiscordBot\index.js:46:31)
    at Client.emit (events.js:376:20)
    at Object.module.exports [as GUILD_MEMBER_ADD] (E:\DSCDiscordBot\node_modules\discord.js\src\client\websocket\handlers\GUILD_MEMBER_ADD.js:16:14)
    at WebSocketManager.handlePacket (E:\DSCDiscordBot\node_modules\discord.js\src\client\websocket\WebSocketManager.js:384:31)
    at WebSocketShard.onPacket (E:\DSCDiscordBot\node_modules\discord.js\src\client\websocket\WebSocketShard.js:444:22)
    at WebSocketShard.onMessage (E:\DSCDiscordBot\node_modules\discord.js\src\client\websocket\WebSocketShard.js:301:10)
    at WebSocket.onMessage (E:\DSCDiscordBot\node_modules\ws\lib\event-target.js:132:16)
    at WebSocket.emit (events.js:376:20)
    at Receiver.receiverOnMessage (E:\DSCDiscordBot\node_modules\ws\lib\websocket.js:834:20)
    at Receiver.emit (events.js:376:20)
[DSC FPTU Bot] 2021-05-30T18:11:48.624Z info : Bot has been activated
[DSC FPTU Bot] 2021-05-30T18:12:10.348Z info : User undefined just joined!
[DSC FPTU Bot] 2021-05-30T18:12:10.350Z error : TypeError: greetMsg is not a function
    at Client.<anonymous> (E:\DSCDiscordBot\index.js:46:22)
    at Client.emit (events.js:376:20)
    at Object.module.exports [as GUILD_MEMBER_ADD] (E:\DSCDiscordBot\node_modules\discord.js\src\client\websocket\handlers\GUILD_MEMBER_ADD.js:16:14)
    at WebSocketManager.handlePacket (E:\DSCDiscordBot\node_modules\discord.js\src\client\websocket\WebSocketManager.js:384:31)
    at WebSocketShard.onPacket (E:\DSCDiscordBot\node_modules\discord.js\src\client\websocket\WebSocketShard.js:444:22)
    at WebSocketShard.onMessage (E:\DSCDiscordBot\node_modules\discord.js\src\client\websocket\WebSocketShard.js:301:10)
    at WebSocket.onMessage (E:\DSCDiscordBot\node_modules\ws\lib\event-target.js:132:16)
    at WebSocket.emit (events.js:376:20)
    at Receiver.receiverOnMessage (E:\DSCDiscordBot\node_modules\ws\lib\websocket.js:834:20)
    at Receiver.emit (events.js:376:20)
[DSC FPTU Bot] 2021-05-30T18:12:44.358Z info : Bot has been activated
[DSC FPTU Bot] 2021-05-30T18:12:58.010Z info : User undefined just joined!
[DSC FPTU Bot] 2021-05-30T18:12:58.012Z error : TypeError: greetMsg is not a function
    at Client.<anonymous> (E:\DSCDiscordBot\index.js:46:22)
    at Client.emit (events.js:376:20)
    at Object.module.exports [as GUILD_MEMBER_ADD] (E:\DSCDiscordBot\node_modules\discord.js\src\client\websocket\handlers\GUILD_MEMBER_ADD.js:16:14)
    at WebSocketManager.handlePacket (E:\DSCDiscordBot\node_modules\discord.js\src\client\websocket\WebSocketManager.js:384:31)
    at WebSocketShard.onPacket (E:\DSCDiscordBot\node_modules\discord.js\src\client\websocket\WebSocketShard.js:444:22)
    at WebSocketShard.onMessage (E:\DSCDiscordBot\node_modules\discord.js\src\client\websocket\WebSocketShard.js:301:10)
    at WebSocket.onMessage (E:\DSCDiscordBot\node_modules\ws\lib\event-target.js:132:16)
    at WebSocket.emit (events.js:376:20)
    at Receiver.receiverOnMessage (E:\DSCDiscordBot\node_modules\ws\lib\websocket.js:834:20)
    at Receiver.emit (events.js:376:20)
[DSC FPTU Bot] 2021-05-30T18:13:25.640Z info : Bot has been activated
[DSC FPTU Bot] 2021-05-30T18:13:33.984Z info : User undefined just joined!
[DSC FPTU Bot] 2021-05-30T18:13:33.987Z error : TypeError: user.avatarURL is not a function
    at module.exports (E:\DSCDiscordBot\view\greetNewUser.js:6:32)
    at Client.<anonymous> (E:\DSCDiscordBot\index.js:46:22)
    at Client.emit (events.js:376:20)
    at Object.module.exports [as GUILD_MEMBER_ADD] (E:\DSCDiscordBot\node_modules\discord.js\src\client\websocket\handlers\GUILD_MEMBER_ADD.js:16:14)
    at WebSocketManager.handlePacket (E:\DSCDiscordBot\node_modules\discord.js\src\client\websocket\WebSocketManager.js:384:31)
    at WebSocketShard.onPacket (E:\DSCDiscordBot\node_modules\discord.js\src\client\websocket\WebSocketShard.js:444:22)
    at WebSocketShard.onMessage (E:\DSCDiscordBot\node_modules\discord.js\src\client\websocket\WebSocketShard.js:301:10)
    at WebSocket.onMessage (E:\DSCDiscordBot\node_modules\ws\lib\event-target.js:132:16)
    at WebSocket.emit (events.js:376:20)
    at Receiver.receiverOnMessage (E:\DSCDiscordBot\node_modules\ws\lib\websocket.js:834:20)
[DSC FPTU Bot] 2021-05-30T18:15:03.775Z info : Bot has been activated
[DSC FPTU Bot] 2021-05-30T18:15:13.549Z info : User baolongv4 just joined!
[DSC FPTU Bot] 2021-05-30T18:17:15.397Z info : Bot has been activated
[DSC FPTU Bot] 2021-05-30T18:17:25.593Z info : User baolongv4 just joined!
[DSC FPTU Bot] 2021-05-31T07:27:37.054Z info : Bot has been activated
[DSC FPTU Bot] 2021-05-31T07:27:53.622Z error : TypeError: msgEmbed.setColor is not a function
    at Object.infoEmbed (E:\DSCDiscordBot\commands\info\view\index.js:6:18)
    at Object.execute (E:\DSCDiscordBot\commands\info\index.js:7:31)
    at Client.<anonymous> (E:\DSCDiscordBot\index.js:26:26)
    at Client.emit (events.js:376:20)
    at MessageCreateAction.handle (E:\DSCDiscordBot\node_modules\discord.js\src\client\actions\MessageCreate.js:31:14)
    at Object.module.exports [as MESSAGE_CREATE] (E:\DSCDiscordBot\node_modules\discord.js\src\client\websocket\handlers\MESSAGE_CREATE.js:4:32)
    at WebSocketManager.handlePacket (E:\DSCDiscordBot\node_modules\discord.js\src\client\websocket\WebSocketManager.js:384:31)
    at WebSocketShard.onPacket (E:\DSCDiscordBot\node_modules\discord.js\src\client\websocket\WebSocketShard.js:444:22)
    at WebSocketShard.onMessage (E:\DSCDiscordBot\node_modules\discord.js\src\client\websocket\WebSocketShard.js:301:10)
    at WebSocket.onMessage (E:\DSCDiscordBot\node_modules\ws\lib\event-target.js:132:16)
[DSC FPTU Bot] 2021-05-31T07:28:37.260Z error : TypeError: msgEmbed.setColor is not a function
    at Object.infoEmbed (E:\DSCDiscordBot\commands\info\view\index.js:6:18)
    at Object.execute (E:\DSCDiscordBot\commands\info\index.js:7:31)
    at Client.<anonymous> (E:\DSCDiscordBot\index.js:26:26)
    at Client.emit (events.js:376:20)
    at MessageCreateAction.handle (E:\DSCDiscordBot\node_modules\discord.js\src\client\actions\MessageCreate.js:31:14)
    at Object.module.exports [as MESSAGE_CREATE] (E:\DSCDiscordBot\node_modules\discord.js\src\client\websocket\handlers\MESSAGE_CREATE.js:4:32)
    at WebSocketManager.handlePacket (E:\DSCDiscordBot\node_modules\discord.js\src\client\websocket\WebSocketManager.js:384:31)
    at WebSocketShard.onPacket (E:\DSCDiscordBot\node_modules\discord.js\src\client\websocket\WebSocketShard.js:444:22)
    at WebSocketShard.onMessage (E:\DSCDiscordBot\node_modules\discord.js\src\client\websocket\WebSocketShard.js:301:10)
    at WebSocket.onMessage (E:\DSCDiscordBot\node_modules\ws\lib\event-target.js:132:16)
[DSC FPTU Bot] 2021-05-31T07:29:11.916Z info : Bot has been activated
[DSC FPTU Bot] 2021-05-31T07:29:15.478Z info : baolongv3 Used info!
[DSC FPTU Bot] 2021-05-31T07:29:15.480Z error : ReferenceError: msg is not defined
    at Client.<anonymous> (E:\DSCDiscordBot\index.js:27:24)
    at Client.emit (events.js:376:20)
    at MessageCreateAction.handle (E:\DSCDiscordBot\node_modules\discord.js\src\client\actions\MessageCreate.js:31:14)
    at Object.module.exports [as MESSAGE_CREATE] (E:\DSCDiscordBot\node_modules\discord.js\src\client\websocket\handlers\MESSAGE_CREATE.js:4:32)
    at WebSocketManager.handlePacket (E:\DSCDiscordBot\node_modules\discord.js\src\client\websocket\WebSocketManager.js:384:31)
    at WebSocketShard.onPacket (E:\DSCDiscordBot\node_modules\discord.js\src\client\websocket\WebSocketShard.js:444:22)
    at WebSocketShard.onMessage (E:\DSCDiscordBot\node_modules\discord.js\src\client\websocket\WebSocketShard.js:301:10)
    at WebSocket.onMessage (E:\DSCDiscordBot\node_modules\ws\lib\event-target.js:132:16)
    at WebSocket.emit (events.js:376:20)
    at Receiver.receiverOnMessage (E:\DSCDiscordBot\node_modules\ws\lib\websocket.js:834:20)
[DSC FPTU Bot] 2021-05-31T07:30:26.409Z info : Bot has been activated
[DSC FPTU Bot] 2021-05-31T07:30:32.051Z info : baolongv3 Used info
[DSC FPTU Bot] 2021-05-31T08:51:30.398Z info : User Dao Pham just joined!
[DSC FPTU Bot] 2021-05-31T08:53:58.961Z info : Bot has been activated
[DSC FPTU Bot] 2021-05-31T08:55:33.889Z info : Bot has been activated
[DSC FPTU Bot] 2021-05-31T11:08:57.436Z info : Bot has been activated
[DSC FPTU Bot] 2021-05-31T14:11:45.457Z info : baolongv3 Used help
[DSC FPTU Bot] 2021-05-31T15:02:36.720Z info : Bot has been activated
[DSC FPTU Bot] 2021-05-31T15:02:49.921Z info : baolongv3 Used record
[DSC FPTU Bot] 2021-05-31T15:04:47.558Z info : Bot has been activated
[DSC FPTU Bot] 2021-05-31T15:04:51.712Z info : baolongv3 Used record
[DSC FPTU Bot] 2021-05-31T15:08:08.331Z info : Bot has been activated
[DSC FPTU Bot] 2021-05-31T15:08:15.251Z info : baolongv3 Used record
[DSC FPTU Bot] 2021-05-31T15:08:48.903Z info : Bot has been activated
[DSC FPTU Bot] 2021-05-31T15:08:50.892Z info : baolongv3 Used record
[DSC FPTU Bot] 2021-05-31T15:10:18.335Z info : baolongv3 Used info
[DSC FPTU Bot] 2021-05-31T15:10:24.828Z info : Bot has been activated
[DSC FPTU Bot] 2021-05-31T15:10:29.131Z info : baolongv3 Used record
[DSC FPTU Bot] 2021-05-31T15:11:09.243Z info : Bot has been activated
[DSC FPTU Bot] 2021-05-31T15:11:17.787Z info : baolongv3 Used record
[DSC FPTU Bot] 2021-05-31T15:15:59.526Z info : Bot has been activated
[DSC FPTU Bot] 2021-05-31T15:16:13.183Z info : baolongv3 Used record
[DSC FPTU Bot] 2021-05-31T15:20:04.059Z info : Bot has been activated
[DSC FPTU Bot] 2021-05-31T15:20:30.027Z info : Bot has been activated
[DSC FPTU Bot] 2021-05-31T15:22:17.049Z info : Bot has been activated
[DSC FPTU Bot] 2021-05-31T15:22:30.558Z info : baolongv3 Used info + 
[DSC FPTU Bot] 2021-05-31T15:22:38.079Z info : baolongv3 Used record + 
[DSC FPTU Bot] 2021-05-31T15:23:21.966Z info : Bot has been activated
[DSC FPTU Bot] 2021-05-31T15:23:44.937Z info : Bot has been activated
[DSC FPTU Bot] 2021-05-31T15:24:09.583Z info : Bot has been activated
[DSC FPTU Bot] 2021-05-31T15:24:30.851Z info : Bot has been activated
[DSC FPTU Bot] 2021-05-31T15:24:33.571Z info : baolongv3 Used record test
[DSC FPTU Bot] 2021-05-31T15:24:50.879Z info : Bot has been activated
[DSC FPTU Bot] 2021-05-31T15:24:53.340Z info : Joining Voice Channel of <#848186077494902785>
[DSC FPTU Bot] 2021-05-31T15:24:53.341Z info : baolongv3 Used record enter
[DSC FPTU Bot] 2021-05-31T15:33:43.552Z info : Bot has been activated
[DSC FPTU Bot] 2021-05-31T15:34:13.429Z info : Bot has been activated
[DSC FPTU Bot] 2021-05-31T15:34:17.877Z info : Joining Voice Channel of <#848186077494902785>
[DSC FPTU Bot] 2021-05-31T15:34:17.877Z info : baolongv3 Used record enter
[DSC FPTU Bot] 2021-05-31T15:34:24.231Z info : baolongv3 Used record leave
[DSC FPTU Bot] 2021-05-31T15:34:41.799Z info : Bot has been activated
[DSC FPTU Bot] 2021-05-31T15:34:48.492Z info : baolongv3 Used record leave
[DSC FPTU Bot] 2021-05-31T15:34:58.740Z info : Joining Voice Channel of <#848186077494902785>
[DSC FPTU Bot] 2021-05-31T15:34:58.740Z info : baolongv3 Used record enter
[DSC FPTU Bot] 2021-05-31T15:35:01.495Z info : baolongv3 Used record leave
